<?xml version="1.0" encoding="UTF-8"?>
<!-- Generated by org.testng.reporters.JUnitReportReporter -->
<testsuite hostname="DESKTOP-HALEIN2" name="AmoghMaven.one.build1" tests="2" failures="0" timestamp="12 Jul 2017 02:48:09 GMT" time="5.952" errors="0">
  <testcase name="main" time="0.004" classname="AmoghMaven.one.build1"/>
  <testcase name="jb" time="5.948" classname="AmoghMaven.one.build1"/>
</testsuite> <!-- AmoghMaven.one.build1 -->
