<?xml version="1.0" encoding="UTF-8"?>
<!-- Generated by org.testng.reporters.JUnitReportReporter -->
<testsuite hostname="DESKTOP-HALEIN2" name="AmoghMaven.one.build2" tests="2" failures="0" timestamp="12 Jul 2017 14:26:26 GMT" time="42.654" errors="0">
  <testcase name="login" time="42.646" classname="AmoghMaven.one.build2"/>
  <testcase name="execution" time="0.008" classname="AmoghMaven.one.build2"/>
</testsuite> <!-- AmoghMaven.one.build2 -->
