<?xml version="1.0" encoding="UTF-8"?>
<!-- Generated by org.testng.reporters.JUnitReportReporter -->
<testsuite hostname="DESKTOP-HALEIN2" name="AmoghMaven.one.build2" tests="2" failures="0" timestamp="12 Jul 2017 15:38:07 GMT" time="75.258" errors="0">
  <testcase name="login" time="75.258" classname="AmoghMaven.one.build2"/>
  <testcase name="execution" time="0.000" classname="AmoghMaven.one.build2"/>
</testsuite> <!-- AmoghMaven.one.build2 -->
