<?xml version="1.0" encoding="UTF-8"?>
<!-- Generated by org.testng.reporters.JUnitReportReporter -->
<testsuite hostname="DESKTOP-HALEIN2" name="AmoghMaven.one.hello" tests="1" failures="0" timestamp="12 Jul 2017 02:44:15 GMT" time="0.017" errors="0">
  <testcase name="main" time="0.017" classname="AmoghMaven.one.hello"/>
</testsuite> <!-- AmoghMaven.one.hello -->
